<?xml version="1.0" encoding="UTF-8"?>
<testsuite xmlns:xsi="http://www.w3.org/2001/XMLSchema-instance" xsi:noNamespaceSchemaLocation="https://maven.apache.org/surefire/maven-surefire-plugin/xsd/surefire-test-report-3.0.xsd" version="3.0" name="Zadania.Zadanie5.RabatTest" time="0.095" tests="6" errors="0" skipped="0" failures="0">
  <properties>
[...]
</properties>
  <testcase name="testRabat(double, boolean, String)[1]" classname="Zadania.Zadanie5.RabatTest" time="0.028"/>
  <testcase name="testRabat(double, boolean, String)[2]" classname="Zadania.Zadanie5.RabatTest" time="0.001"/>
  <testcase name="testRabat(double, boolean, String)[3]" classname="Zadania.Zadanie5.RabatTest" time="0.001"/>
  <testcase name="testRabat(double, boolean, String)[4]" classname="Zadania.Zadanie5.RabatTest" time="0.0"/>
  <testcase name="testRabat(double, boolean, String)[5]" classname="Zadania.Zadanie5.RabatTest" time="0.002"/>
  <testcase name="testRabat(double, boolean, String)[6]" classname="Zadania.Zadanie5.RabatTest" time="0.001"/>
</testsuite>